d:\qtdemo\qtwidgetsapplication1\qtwidgetsapplication1\x64\release\moc_tspreviousstepornextstepbutton.obj
d:\qtdemo\qtwidgetsapplication1\qtwidgetsapplication1\x64\release\moc_qtwidgetsapplication1.obj
d:\qtdemo\qtwidgetsapplication1\qtwidgetsapplication1\x64\release\moc_tsstepbutton.obj
d:\qtdemo\qtwidgetsapplication1\qtwidgetsapplication1\x64\release\moc_tstoolbuttonv2.obj
d:\qtdemo\qtwidgetsapplication1\qtwidgetsapplication1\x64\release\moc_tstoolbutton.obj
d:\qtdemo\qtwidgetsapplication1\qtwidgetsapplication1\x64\release\qtwidgetsapplication1.obj
d:\qtdemo\qtwidgetsapplication1\qtwidgetsapplication1\x64\release\main.obj
d:\qtdemo\qtwidgetsapplication1\qtwidgetsapplication1\x64\release\tspreviousstepornextstepbutton.obj
d:\qtdemo\qtwidgetsapplication1\qtwidgetsapplication1\x64\release\tstoolbutton.obj
d:\qtdemo\qtwidgetsapplication1\qtwidgetsapplication1\x64\release\tstoolbuttonv2.obj
d:\qtdemo\qtwidgetsapplication1\qtwidgetsapplication1\x64\release\tsstepbutton.obj
d:\qtdemo\qtwidgetsapplication1\qtwidgetsapplication1\x64\release\qrc_tsresources.obj
d:\qtdemo\qtwidgetsapplication1\qtwidgetsapplication1\x64\release\qrc_qtwidgetsapplication1.obj
d:\qtdemo\qtwidgetsapplication1\x64\release\qtwidgetsapplication1.exe
d:\qtdemo\qtwidgetsapplication1\qtwidgetsapplication1\x64\release\moc\moc_qtwidgetsapplication1.cpp
d:\qtdemo\qtwidgetsapplication1\qtwidgetsapplication1\x64\release\moc\moc_tspreviousstepornextstepbutton.cpp
d:\qtdemo\qtwidgetsapplication1\qtwidgetsapplication1\x64\release\moc\moc_tsstepbutton.cpp
d:\qtdemo\qtwidgetsapplication1\qtwidgetsapplication1\x64\release\moc\moc_tstoolbuttonv2.cpp
d:\qtdemo\qtwidgetsapplication1\qtwidgetsapplication1\x64\release\moc\moc_tstoolbutton.cpp
d:\qtdemo\qtwidgetsapplication1\qtwidgetsapplication1\x64\release\uic\ui_qtwidgetsapplication1.h
d:\qtdemo\qtwidgetsapplication1\qtwidgetsapplication1\x64\release\rcc\qrc_qtwidgetsapplication1.cpp
d:\qtdemo\qtwidgetsapplication1\qtwidgetsapplication1\x64\release\rcc\qrc_tsresources.cpp
d:\qtdemo\qtwidgetsapplication1\qtwidgetsapplication1\x64\release\qtwidget.3678c7c7.tlog\cl.command.1.tlog
d:\qtdemo\qtwidgetsapplication1\qtwidgetsapplication1\x64\release\qtwidget.3678c7c7.tlog\cl.read.1.tlog
d:\qtdemo\qtwidgetsapplication1\qtwidgetsapplication1\x64\release\qtwidget.3678c7c7.tlog\cl.write.1.tlog
d:\qtdemo\qtwidgetsapplication1\qtwidgetsapplication1\x64\release\qtwidget.3678c7c7.tlog\link.command.1.tlog
d:\qtdemo\qtwidgetsapplication1\qtwidgetsapplication1\x64\release\qtwidget.3678c7c7.tlog\link.read.1.tlog
d:\qtdemo\qtwidgetsapplication1\qtwidgetsapplication1\x64\release\qtwidget.3678c7c7.tlog\link.write.1.tlog
d:\qtdemo\qtwidgetsapplication1\qtwidgetsapplication1\x64\release\qtwidget.3678c7c7.tlog\moc.read.1u.tlog
d:\qtdemo\qtwidgetsapplication1\qtwidgetsapplication1\x64\release\qtwidget.3678c7c7.tlog\moc.write.1u.tlog
d:\qtdemo\qtwidgetsapplication1\qtwidgetsapplication1\x64\release\qtwidget.3678c7c7.tlog\qtwidgetsapplication1.write.1u.tlog
d:\qtdemo\qtwidgetsapplication1\qtwidgetsapplication1\x64\release\qtwidget.3678c7c7.tlog\rcc.read.1u.tlog
d:\qtdemo\qtwidgetsapplication1\qtwidgetsapplication1\x64\release\qtwidget.3678c7c7.tlog\rcc.write.1u.tlog
d:\qtdemo\qtwidgetsapplication1\qtwidgetsapplication1\x64\release\qtwidget.3678c7c7.tlog\uic.read.1u.tlog
d:\qtdemo\qtwidgetsapplication1\qtwidgetsapplication1\x64\release\qtwidget.3678c7c7.tlog\uic.write.1u.tlog
